libdecor-gtk-WARNING: Failed to initialize GTK
Failed to load plugin 'libdecor-gtk.so': failed to init
Validation layers requested, but not available!
Found Device: AMD Radeon RX 7900 XTX (RADV NAVI31) Score: 1000
Found Device: AMD Ryzen 9 7950X 16-Core Processor (RADV RAPHAEL_MENDOCINO) Score: 100
Found Device: llvmpipe (LLVM 21.1.5, 256 bits) Score: 0
Selected GPU: AMD Radeon RX 7900 XTX (RADV NAVI31)
VSync: OFF (Mailbox/Triple Buffer)
Loaded shader: shaders/basic.vert.spv
Loaded shader: shaders/basic.frag.spv
Loaded shader: shaders/basic.vert.spv
Loaded shader: shaders/basic.frag.spv
Loaded shader: shaders/basic.vert.spv
Loaded shader: shaders/basic.frag.spv
Loaded shader: shaders/basic.vert.spv
Loaded shader: shaders/basic.frag.spv
Loaded shader: shaders/environment.vert.spv
Loaded shader: shaders/environment.frag.spv
Loaded shader: shaders/voxel.vert.spv
Loaded shader: shaders/voxel.frag.spv
[SisterApp v3.5.0] Initializing Finite World (1024x1024)...
Loaded shader: shaders/basic.vert.spv
Loaded shader: shaders/basic.frag.spv
[TerrainGenerator] Generating Base Terrain (1024x1024)...
[TerrainGenerator] Calculating Drainage (D8 Algorithm)...
[TerrainGenerator] Drainage Calculation Complete.
[TerrainGenerator] Classifying Soil Types (Semantic)...
  Map Size: 1024x1024, Res: 1
[TerrainGenerator] Soil Classification Stats:
  None: 0
  Hidro: 0
  BText: 15191
  Argila: 953393
  BemDes: 76242
  Raso: 3750
  Rocha: 0
[TerrainRenderer] Building Mesh. Soil Data Non-Zero Count: 1048576 / 1048576
[TerrainRenderer] Mesh Built: 1048576 verts. Max Flux: 117072
[SisterApp v3.5.0] Finite World Ready!
[Preferences] Loaded settings from prefs.json
[Theme] Applied Dark theme
VSync: OFF (Mailbox/Triple Buffer)
Loaded shader: shaders/basic.vert.spv
Loaded shader: shaders/basic.frag.spv
Loaded shader: shaders/basic.vert.spv
Loaded shader: shaders/basic.frag.spv
Loaded shader: shaders/basic.vert.spv
Loaded shader: shaders/basic.frag.spv
Loaded shader: shaders/basic.vert.spv
Loaded shader: shaders/basic.frag.spv
Loaded shader: shaders/environment.vert.spv
Loaded shader: shaders/environment.frag.spv
Loaded shader: shaders/voxel.vert.spv
Loaded shader: shaders/voxel.frag.spv
VSync: OFF (Mailbox/Triple Buffer)
Loaded shader: shaders/basic.vert.spv
Loaded shader: shaders/basic.frag.spv
Loaded shader: shaders/basic.vert.spv
Loaded shader: shaders/basic.frag.spv
Loaded shader: shaders/basic.vert.spv
Loaded shader: shaders/basic.frag.spv
Loaded shader: shaders/basic.vert.spv
Loaded shader: shaders/basic.frag.spv
Loaded shader: shaders/environment.vert.spv
Loaded shader: shaders/environment.frag.spv
Loaded shader: shaders/voxel.vert.spv
Loaded shader: shaders/voxel.frag.spv
[SisterApp] Regeneration requested for next frame...
[SisterApp] Performing Deferred Regeneration: 2048x2048
Loaded shader: shaders/basic.vert.spv
Loaded shader: shaders/basic.frag.spv
[TerrainGenerator] Generating Base Terrain (2048x2048)...
[TerrainGenerator] Calculating Drainage (D8 Algorithm)...
[TerrainGenerator] Drainage Calculation Complete.
[TerrainRenderer] Building Mesh. Soil Data Non-Zero Count: 0 / 4194304
[TerrainRenderer] Mesh Built: 4194304 verts. Max Flux: 77780
[SisterApp] Regeneration Complete.
[Probe] Loc: (1011, 975)
Elev: 49.20 m
Decliv: 14.7%
Solo: Indefinido
Fluxo: 11.0 m2
Bacia ID: 0
-----------------------------------
