[ 11%] Built target shaders_spirv
[ 13%] Building CXX object CMakeFiles/sisterapp.dir/src/ui/ui_layer.cpp.o
/run/media/jpereiratrindade/labeco10T/dev/cpp/SisterAppEngine_base_v330/src/ui/ui_layer.cpp: In member function ‘void ui::UiLayer::drawFiniteTools(ui::UiFrameContext&)’:
/run/media/jpereiratrindade/labeco10T/dev/cpp/SisterAppEngine_base_v330/src/ui/ui_layer.cpp:444:40: warning: conversion from ‘double’ to ‘float’ changes value from ‘2.0000000000000001e-1’ to ‘2.00000003e-1f’ [-Wfloat-conversion]
  444 |              ImGui::TextColored(ImVec4(0.2,0.4,0.8,1), "0-3%%: Flat");
      |                                        ^~~
/run/media/jpereiratrindade/labeco10T/dev/cpp/SisterAppEngine_base_v330/src/ui/ui_layer.cpp:444:44: warning: conversion from ‘double’ to ‘float’ changes value from ‘4.0000000000000002e-1’ to ‘4.00000006e-1f’ [-Wfloat-conversion]
  444 |              ImGui::TextColored(ImVec4(0.2,0.4,0.8,1), "0-3%%: Flat");
      |                                            ^~~
/run/media/jpereiratrindade/labeco10T/dev/cpp/SisterAppEngine_base_v330/src/ui/ui_layer.cpp:444:48: warning: conversion from ‘double’ to ‘float’ changes value from ‘8.0000000000000004e-1’ to ‘8.00000012e-1f’ [-Wfloat-conversion]
  444 |              ImGui::TextColored(ImVec4(0.2,0.4,0.8,1), "0-3%%: Flat");
      |                                                ^~~
/run/media/jpereiratrindade/labeco10T/dev/cpp/SisterAppEngine_base_v330/src/ui/ui_layer.cpp:445:40: warning: conversion from ‘double’ to ‘float’ changes value from ‘2.0000000000000001e-1’ to ‘2.00000003e-1f’ [-Wfloat-conversion]
  445 |              ImGui::TextColored(ImVec4(0.2,0.8,0.8,1), "3-8%%: Gentle");
      |                                        ^~~
/run/media/jpereiratrindade/labeco10T/dev/cpp/SisterAppEngine_base_v330/src/ui/ui_layer.cpp:445:44: warning: conversion from ‘double’ to ‘float’ changes value from ‘8.0000000000000004e-1’ to ‘8.00000012e-1f’ [-Wfloat-conversion]
  445 |              ImGui::TextColored(ImVec4(0.2,0.8,0.8,1), "3-8%%: Gentle");
      |                                            ^~~
/run/media/jpereiratrindade/labeco10T/dev/cpp/SisterAppEngine_base_v330/src/ui/ui_layer.cpp:445:48: warning: conversion from ‘double’ to ‘float’ changes value from ‘8.0000000000000004e-1’ to ‘8.00000012e-1f’ [-Wfloat-conversion]
  445 |              ImGui::TextColored(ImVec4(0.2,0.8,0.8,1), "3-8%%: Gentle");
      |                                                ^~~
/run/media/jpereiratrindade/labeco10T/dev/cpp/SisterAppEngine_base_v330/src/ui/ui_layer.cpp:446:40: warning: conversion from ‘double’ to ‘float’ changes value from ‘2.0000000000000001e-1’ to ‘2.00000003e-1f’ [-Wfloat-conversion]
  446 |              ImGui::TextColored(ImVec4(0.2,0.8,0.2,1), "8-20%%: Moderate");
      |                                        ^~~
/run/media/jpereiratrindade/labeco10T/dev/cpp/SisterAppEngine_base_v330/src/ui/ui_layer.cpp:446:44: warning: conversion from ‘double’ to ‘float’ changes value from ‘8.0000000000000004e-1’ to ‘8.00000012e-1f’ [-Wfloat-conversion]
  446 |              ImGui::TextColored(ImVec4(0.2,0.8,0.2,1), "8-20%%: Moderate");
      |                                            ^~~
/run/media/jpereiratrindade/labeco10T/dev/cpp/SisterAppEngine_base_v330/src/ui/ui_layer.cpp:446:48: warning: conversion from ‘double’ to ‘float’ changes value from ‘2.0000000000000001e-1’ to ‘2.00000003e-1f’ [-Wfloat-conversion]
  446 |              ImGui::TextColored(ImVec4(0.2,0.8,0.2,1), "8-20%%: Moderate");
      |                                                ^~~
/run/media/jpereiratrindade/labeco10T/dev/cpp/SisterAppEngine_base_v330/src/ui/ui_layer.cpp:447:40: warning: conversion from ‘double’ to ‘float’ changes value from ‘8.0000000000000004e-1’ to ‘8.00000012e-1f’ [-Wfloat-conversion]
  447 |              ImGui::TextColored(ImVec4(0.8,0.8,0.0,1), "20-45%%: Steep");
      |                                        ^~~
/run/media/jpereiratrindade/labeco10T/dev/cpp/SisterAppEngine_base_v330/src/ui/ui_layer.cpp:447:44: warning: conversion from ‘double’ to ‘float’ changes value from ‘8.0000000000000004e-1’ to ‘8.00000012e-1f’ [-Wfloat-conversion]
  447 |              ImGui::TextColored(ImVec4(0.8,0.8,0.0,1), "20-45%%: Steep");
      |                                            ^~~
/run/media/jpereiratrindade/labeco10T/dev/cpp/SisterAppEngine_base_v330/src/ui/ui_layer.cpp:449:40: warning: conversion from ‘double’ to ‘float’ changes value from ‘8.0000000000000004e-1’ to ‘8.00000012e-1f’ [-Wfloat-conversion]
  449 |              ImGui::TextColored(ImVec4(0.8,0.0,0.0,1), ">75%%: Extreme");
      |                                        ^~~
/run/media/jpereiratrindade/labeco10T/dev/cpp/SisterAppEngine_base_v330/src/ui/ui_layer.cpp:530:20: warning: unused variable ‘renderDist’ [-Wunused-variable]
  530 |              float renderDist = (0.01f - ctx.fogDensity) * 10000.0f; // Approx mapping
      |                    ^~~~~~~~~~
/run/media/jpereiratrindade/labeco10T/dev/cpp/SisterAppEngine_base_v330/src/ui/ui_layer.cpp:540:20: warning: unused variable ‘renderDist’ [-Wunused-variable]
  540 |              float renderDist = (0.01f - ctx.fogDensity) * 10000.0f;
      |                    ^~~~~~~~~~
/run/media/jpereiratrindade/labeco10T/dev/cpp/SisterAppEngine_base_v330/src/ui/ui_layer.cpp:606:24: warning: conversion from ‘int’ to ‘float’ may change value [-Wconversion]
  606 |         float totalW = selectedSize * resolution;
      |                        ^~~~~~~~~~~~
/run/media/jpereiratrindade/labeco10T/dev/cpp/SisterAppEngine_base_v330/src/ui/ui_layer.cpp:684:51: warning: conversion from ‘int’ to ‘float’ may change value [-Wconversion]
  684 |                 float cx = ctx.finiteMap->getWidth() / 2.0f;
      |                            ~~~~~~~~~~~~~~~~~~~~~~~^~
/run/media/jpereiratrindade/labeco10T/dev/cpp/SisterAppEngine_base_v330/src/ui/ui_layer.cpp:685:52: warning: conversion from ‘int’ to ‘float’ may change value [-Wconversion]
  685 |                 float cz = ctx.finiteMap->getHeight() / 2.0f;
      |                            ~~~~~~~~~~~~~~~~~~~~~~~~^~
/run/media/jpereiratrindade/labeco10T/dev/cpp/SisterAppEngine_base_v330/src/ui/ui_layer.cpp:689:63: warning: conversion from ‘int’ to ‘float’ may change value [-Wconversion]
  689 |                 ctx.camera.setDistance(ctx.finiteMap->getWidth() * 0.8f); // Fit view
      |                                        ~~~~~~~~~~~~~~~~~~~~~~~^~
/run/media/jpereiratrindade/labeco10T/dev/cpp/SisterAppEngine_base_v330/src/ui/ui_layer.cpp:698:51: warning: conversion from ‘int’ to ‘float’ may change value [-Wconversion]
  698 |                 float cx = ctx.finiteMap->getWidth() / 2.0f;
      |                            ~~~~~~~~~~~~~~~~~~~~~~~^~
/run/media/jpereiratrindade/labeco10T/dev/cpp/SisterAppEngine_base_v330/src/ui/ui_layer.cpp:699:52: warning: conversion from ‘int’ to ‘float’ may change value [-Wconversion]
  699 |                 float cz = ctx.finiteMap->getHeight() / 2.0f;
      |                            ~~~~~~~~~~~~~~~~~~~~~~~~^~
/run/media/jpereiratrindade/labeco10T/dev/cpp/SisterAppEngine_base_v330/src/ui/ui_layer.cpp:547:21: warning: unused variable ‘terrainTypes’ [-Wunused-variable]
  547 |         const char* terrainTypes[] = { "Hills", "Mountains", "Plains", "Valleys" };
      |                     ^~~~~~~~~~~~
[ 16%] Linking CXX executable sisterapp
[100%] Built target sisterapp
