[ 11%] Built target shaders_spirv
[ 13%] Building CXX object CMakeFiles/sisterapp.dir/src/core/application.cpp.o
[ 16%] Building CXX object CMakeFiles/sisterapp.dir/src/graphics/animation.cpp.o
[ 18%] Building CXX object CMakeFiles/sisterapp.dir/main.cpp.o
[ 25%] Building CXX object CMakeFiles/sisterapp.dir/src/ui/minimap.cpp.o
[ 25%] Building CXX object CMakeFiles/sisterapp.dir/src/graphics/geometry_utils.cpp.o
[ 25%] Building CXX object CMakeFiles/sisterapp.dir/src/graphics/camera.cpp.o
[ 27%] Building CXX object CMakeFiles/sisterapp.dir/src/ui/ui_layer.cpp.o
/run/media/jpereiratrindade/labeco10T/dev/cpp/SisterAppEngine_base_v330/src/ui/minimap.cpp:195: warning: ignoring ‘#pragma omp parallel’ [-Wunknown-pragmas]
  195 |     #pragma omp parallel for collapse(2)
/run/media/jpereiratrindade/labeco10T/dev/cpp/SisterAppEngine_base_v330/src/graphics/camera.cpp: In member function ‘void graphics::Camera::checkTerrainCollision(graphics::VoxelTerrain&)’:
/run/media/jpereiratrindade/labeco10T/dev/cpp/SisterAppEngine_base_v330/src/graphics/camera.cpp:434:13: error: ‘Block’ was not declared in this scope; did you mean ‘clock’?
  434 |             Block* block = terrain.getBlock(checkX + dx, checkY, checkZ + dz);
      |             ^~~~~
      |             clock
/run/media/jpereiratrindade/labeco10T/dev/cpp/SisterAppEngine_base_v330/src/graphics/camera.cpp:434:20: error: ‘block’ was not declared in this scope; did you mean ‘clock’?
  434 |             Block* block = terrain.getBlock(checkX + dx, checkY, checkZ + dz);
      |                    ^~~~~
      |                    clock
/run/media/jpereiratrindade/labeco10T/dev/cpp/SisterAppEngine_base_v330/src/graphics/camera.cpp:434:28: error: invalid use of incomplete type ‘class graphics::VoxelTerrain’
  434 |             Block* block = terrain.getBlock(checkX + dx, checkY, checkZ + dz);
      |                            ^~~~~~~
In file included from /run/media/jpereiratrindade/labeco10T/dev/cpp/SisterAppEngine_base_v330/src/graphics/camera.cpp:1:
/run/media/jpereiratrindade/labeco10T/dev/cpp/SisterAppEngine_base_v330/src/graphics/camera.h:12:7: note: forward declaration of ‘class graphics::VoxelTerrain’
   12 | class VoxelTerrain;
      |       ^~~~~~~~~~~~
/run/media/jpereiratrindade/labeco10T/dev/cpp/SisterAppEngine_base_v330/src/graphics/geometry_utils.cpp:25:13: warning: ‘void graphics::addTri(std::vector<Vertex>&, std::vector<short unsigned int>&, const math::Vec3&, const math::Vec3&, const math::Vec3&, const math::Vec3&, const math::Vec3&)’ defined but not used [-Wunused-function]
   25 | static void addTri(std::vector<Vertex>& verts, std::vector<uint16_t>& indices,
      |             ^~~~~~
/run/media/jpereiratrindade/labeco10T/dev/cpp/SisterAppEngine_base_v330/src/graphics/geometry_utils.cpp:9:13: warning: ‘void graphics::addQuad(std::vector<Vertex>&, std::vector<short unsigned int>&, const math::Vec3&, const math::Vec3&, const math::Vec3&, const math::Vec3&, const math::Vec3&, const math::Vec3&)’ defined but not used [-Wunused-function]
    9 | static void addQuad(std::vector<Vertex>& verts, std::vector<uint16_t>& indices,
      |             ^~~~~~~
/run/media/jpereiratrindade/labeco10T/dev/cpp/SisterAppEngine_base_v330/src/graphics/camera.cpp:453:13: error: ‘Block’ was not declared in this scope; did you mean ‘clock’?
  453 |             Block* block = terrain.getBlock(checkX + dx, headCheckY + 1, checkZ + dz);
      |             ^~~~~
      |             clock
/run/media/jpereiratrindade/labeco10T/dev/cpp/SisterAppEngine_base_v330/src/graphics/camera.cpp:453:20: error: ‘block’ was not declared in this scope; did you mean ‘clock’?
  453 |             Block* block = terrain.getBlock(checkX + dx, headCheckY + 1, checkZ + dz);
      |                    ^~~~~
      |                    clock
/run/media/jpereiratrindade/labeco10T/dev/cpp/SisterAppEngine_base_v330/src/graphics/camera.cpp:453:28: error: invalid use of incomplete type ‘class graphics::VoxelTerrain’
  453 |             Block* block = terrain.getBlock(checkX + dx, headCheckY + 1, checkZ + dz);
      |                            ^~~~~~~
/run/media/jpereiratrindade/labeco10T/dev/cpp/SisterAppEngine_base_v330/src/graphics/camera.h:12:7: note: forward declaration of ‘class graphics::VoxelTerrain’
   12 | class VoxelTerrain;
      |       ^~~~~~~~~~~~
/run/media/jpereiratrindade/labeco10T/dev/cpp/SisterAppEngine_base_v330/src/graphics/camera.cpp:471:9: error: ‘Block’ was not declared in this scope; did you mean ‘clock’?
  471 |         Block* block = terrain.getBlock(futureX, yCheck, futureZ);
      |         ^~~~~
      |         clock
/run/media/jpereiratrindade/labeco10T/dev/cpp/SisterAppEngine_base_v330/src/graphics/camera.cpp:471:16: error: ‘block’ was not declared in this scope; did you mean ‘clock’?
  471 |         Block* block = terrain.getBlock(futureX, yCheck, futureZ);
      |                ^~~~~
      |                clock
/run/media/jpereiratrindade/labeco10T/dev/cpp/SisterAppEngine_base_v330/src/graphics/camera.cpp:471:24: error: invalid use of incomplete type ‘class graphics::VoxelTerrain’
  471 |         Block* block = terrain.getBlock(futureX, yCheck, futureZ);
      |                        ^~~~~~~
/run/media/jpereiratrindade/labeco10T/dev/cpp/SisterAppEngine_base_v330/src/graphics/camera.h:12:7: note: forward declaration of ‘class graphics::VoxelTerrain’
   12 | class VoxelTerrain;
      |       ^~~~~~~~~~~~
make[2]: *** [CMakeFiles/sisterapp.dir/build.make:331: CMakeFiles/sisterapp.dir/src/graphics/camera.cpp.o] Error 1
make[2]: ** Esperando que outros processos terminem.
/run/media/jpereiratrindade/labeco10T/dev/cpp/SisterAppEngine_base_v330/src/ui/minimap.cpp: In member function ‘void ui::Minimap::update(const terrain::TerrainMap&, const terrain::TerrainConfig&)’:
/run/media/jpereiratrindade/labeco10T/dev/cpp/SisterAppEngine_base_v330/src/ui/minimap.cpp:147:19: warning: conversion from ‘int’ to ‘float’ may change value [-Wconversion]
  147 |     worldWidth_ = mapW * config.resolution;
      |                   ^~~~
/run/media/jpereiratrindade/labeco10T/dev/cpp/SisterAppEngine_base_v330/src/ui/minimap.cpp:148:20: warning: conversion from ‘int’ to ‘float’ may change value [-Wconversion]
  148 |     worldHeight_ = mapH * config.resolution;
      |                    ^~~~
/run/media/jpereiratrindade/labeco10T/dev/cpp/SisterAppEngine_base_v330/src/ui/minimap.cpp: In lambda function:
/run/media/jpereiratrindade/labeco10T/dev/cpp/SisterAppEngine_base_v330/src/ui/minimap.cpp:180:26: warning: conversion from ‘int’ to ‘uint8_t’ {aka ‘unsigned char’} may change value [-Wconversion]
  180 |             r = (r + 50) / 2;
      |                 ~~~~~~~~~^~~
/run/media/jpereiratrindade/labeco10T/dev/cpp/SisterAppEngine_base_v330/src/ui/minimap.cpp:181:27: warning: conversion from ‘int’ to ‘uint8_t’ {aka ‘unsigned char’} may change value [-Wconversion]
  181 |             g = (g + 100) / 2;
      |                 ~~~~~~~~~~^~~
/run/media/jpereiratrindade/labeco10T/dev/cpp/SisterAppEngine_base_v330/src/ui/minimap.cpp:182:27: warning: conversion from ‘int’ to ‘uint8_t’ {aka ‘unsigned char’} may change value [-Wconversion]
  182 |             b = (b + 200) / 2;
      |                 ~~~~~~~~~~^~~
/run/media/jpereiratrindade/labeco10T/dev/cpp/SisterAppEngine_base_v330/src/ui/minimap.cpp: In member function ‘void ui::Minimap::update(const terrain::TerrainMap&, const terrain::TerrainConfig&)’:
/run/media/jpereiratrindade/labeco10T/dev/cpp/SisterAppEngine_base_v330/src/ui/minimap.cpp:199:47: warning: conversion from ‘uint32_t’ {aka ‘unsigned int’} to ‘float’ may change value [-Wconversion]
  199 |             float u = static_cast<float>(x) / textureWidth_;
      |                                               ^~~~~~~~~~~~~
/run/media/jpereiratrindade/labeco10T/dev/cpp/SisterAppEngine_base_v330/src/ui/minimap.cpp:200:47: warning: conversion from ‘uint32_t’ {aka ‘unsigned int’} to ‘float’ may change value [-Wconversion]
  200 |             float v = static_cast<float>(y) / textureHeight_;
      |                                               ^~~~~~~~~~~~~~
/run/media/jpereiratrindade/labeco10T/dev/cpp/SisterAppEngine_base_v330/src/ui/minimap.cpp:208:45: warning: conversion from ‘int’ to ‘float’ may change value [-Wconversion]
  208 |             int mapX = static_cast<int>(u * mapW);
      |                                             ^~~~
/run/media/jpereiratrindade/labeco10T/dev/cpp/SisterAppEngine_base_v330/src/ui/minimap.cpp:209:45: warning: conversion from ‘int’ to ‘float’ may change value [-Wconversion]
  209 |             int mapZ = static_cast<int>(v * mapH); // v3.8.0 Fix: V=0 is North (Z=0). No inversion.
      |                                             ^~~~
/run/media/jpereiratrindade/labeco10T/dev/cpp/SisterAppEngine_base_v330/src/ui/minimap.cpp:237:19: warning: conversion from ‘int’ to ‘float’ may change value [-Wconversion]
  237 |     worldWidth_ = w * config.resolution;
      |                   ^
/run/media/jpereiratrindade/labeco10T/dev/cpp/SisterAppEngine_base_v330/src/ui/minimap.cpp:238:20: warning: conversion from ‘int’ to ‘float’ may change value [-Wconversion]
  238 |     worldHeight_ = h * config.resolution;
      |                    ^
/run/media/jpereiratrindade/labeco10T/dev/cpp/SisterAppEngine_base_v330/src/ui/minimap.cpp:259:61: warning: conversion from ‘int’ to ‘float’ may change value [-Wconversion]
  259 |                     float globalU = static_cast<float>(x) / w;
      |                                                             ^
/run/media/jpereiratrindade/labeco10T/dev/cpp/SisterAppEngine_base_v330/src/ui/minimap.cpp:260:61: warning: conversion from ‘int’ to ‘float’ may change value [-Wconversion]
  260 |                     float globalV = static_cast<float>(z) / h; // v3.8.0 Fix: V aligned with Z
      |                                                             ^
/run/media/jpereiratrindade/labeco10T/dev/cpp/SisterAppEngine_base_v330/src/ui/minimap.cpp: In member function ‘void ui::Minimap::transitionImageLayout(VkImage, VkFormat, VkImageLayout, VkImageLayout)’:
/run/media/jpereiratrindade/labeco10T/dev/cpp/SisterAppEngine_base_v330/src/ui/minimap.cpp:404:61: warning: unused parameter ‘format’ [-Wunused-parameter]
  404 | void Minimap::transitionImageLayout(VkImage image, VkFormat format, VkImageLayout oldLayout, VkImageLayout newLayout) {
      |                                                    ~~~~~~~~~^~~~~~
In file included from /run/media/jpereiratrindade/labeco10T/dev/cpp/SisterAppEngine_base_v330/main.cpp:1:
/run/media/jpereiratrindade/labeco10T/dev/cpp/SisterAppEngine_base_v330/src/core/application.h:199:37: error: redeclaration of ‘bool core::Application::meshUpdateRequested_’
  199 |         bool meshUpdateRequested_ = false;
      |                                     ^~~~~
/run/media/jpereiratrindade/labeco10T/dev/cpp/SisterAppEngine_base_v330/src/core/application.h:197:14: note: previous declaration ‘bool core::Application::meshUpdateRequested_’
  197 |         bool meshUpdateRequested_ = false;
      |              ^~~~~~~~~~~~~~~~~~~~
/run/media/jpereiratrindade/labeco10T/dev/cpp/SisterAppEngine_base_v330/src/ui/ui_layer.cpp: In member function ‘void ui::UiLayer::drawFiniteTools(ui::UiFrameContext&)’:
/run/media/jpereiratrindade/labeco10T/dev/cpp/SisterAppEngine_base_v330/src/ui/ui_layer.cpp:445:40: warning: conversion from ‘double’ to ‘float’ changes value from ‘2.0000000000000001e-1’ to ‘2.00000003e-1f’ [-Wfloat-conversion]
  445 |              ImGui::TextColored(ImVec4(0.2,0.4,0.8,1), "0-3%%: Flat");
      |                                        ^~~
/run/media/jpereiratrindade/labeco10T/dev/cpp/SisterAppEngine_base_v330/src/ui/ui_layer.cpp:445:44: warning: conversion from ‘double’ to ‘float’ changes value from ‘4.0000000000000002e-1’ to ‘4.00000006e-1f’ [-Wfloat-conversion]
  445 |              ImGui::TextColored(ImVec4(0.2,0.4,0.8,1), "0-3%%: Flat");
      |                                            ^~~
/run/media/jpereiratrindade/labeco10T/dev/cpp/SisterAppEngine_base_v330/src/ui/ui_layer.cpp:445:48: warning: conversion from ‘double’ to ‘float’ changes value from ‘8.0000000000000004e-1’ to ‘8.00000012e-1f’ [-Wfloat-conversion]
  445 |              ImGui::TextColored(ImVec4(0.2,0.4,0.8,1), "0-3%%: Flat");
      |                                                ^~~
/run/media/jpereiratrindade/labeco10T/dev/cpp/SisterAppEngine_base_v330/src/ui/ui_layer.cpp:446:40: warning: conversion from ‘double’ to ‘float’ changes value from ‘2.0000000000000001e-1’ to ‘2.00000003e-1f’ [-Wfloat-conversion]
  446 |              ImGui::TextColored(ImVec4(0.2,0.8,0.8,1), "3-8%%: Gentle");
      |                                        ^~~
/run/media/jpereiratrindade/labeco10T/dev/cpp/SisterAppEngine_base_v330/src/ui/ui_layer.cpp:446:44: warning: conversion from ‘double’ to ‘float’ changes value from ‘8.0000000000000004e-1’ to ‘8.00000012e-1f’ [-Wfloat-conversion]
  446 |              ImGui::TextColored(ImVec4(0.2,0.8,0.8,1), "3-8%%: Gentle");
      |                                            ^~~
/run/media/jpereiratrindade/labeco10T/dev/cpp/SisterAppEngine_base_v330/src/ui/ui_layer.cpp:446:48: warning: conversion from ‘double’ to ‘float’ changes value from ‘8.0000000000000004e-1’ to ‘8.00000012e-1f’ [-Wfloat-conversion]
  446 |              ImGui::TextColored(ImVec4(0.2,0.8,0.8,1), "3-8%%: Gentle");
      |                                                ^~~
/run/media/jpereiratrindade/labeco10T/dev/cpp/SisterAppEngine_base_v330/src/ui/ui_layer.cpp:447:40: warning: conversion from ‘double’ to ‘float’ changes value from ‘2.0000000000000001e-1’ to ‘2.00000003e-1f’ [-Wfloat-conversion]
  447 |              ImGui::TextColored(ImVec4(0.2,0.8,0.2,1), "8-20%%: Moderate");
      |                                        ^~~
/run/media/jpereiratrindade/labeco10T/dev/cpp/SisterAppEngine_base_v330/src/ui/ui_layer.cpp:447:44: warning: conversion from ‘double’ to ‘float’ changes value from ‘8.0000000000000004e-1’ to ‘8.00000012e-1f’ [-Wfloat-conversion]
  447 |              ImGui::TextColored(ImVec4(0.2,0.8,0.2,1), "8-20%%: Moderate");
      |                                            ^~~
/run/media/jpereiratrindade/labeco10T/dev/cpp/SisterAppEngine_base_v330/src/ui/ui_layer.cpp:447:48: warning: conversion from ‘double’ to ‘float’ changes value from ‘2.0000000000000001e-1’ to ‘2.00000003e-1f’ [-Wfloat-conversion]
  447 |              ImGui::TextColored(ImVec4(0.2,0.8,0.2,1), "8-20%%: Moderate");
      |                                                ^~~
/run/media/jpereiratrindade/labeco10T/dev/cpp/SisterAppEngine_base_v330/src/ui/ui_layer.cpp:448:40: warning: conversion from ‘double’ to ‘float’ changes value from ‘8.0000000000000004e-1’ to ‘8.00000012e-1f’ [-Wfloat-conversion]
  448 |              ImGui::TextColored(ImVec4(0.8,0.8,0.0,1), "20-45%%: Steep");
      |                                        ^~~
/run/media/jpereiratrindade/labeco10T/dev/cpp/SisterAppEngine_base_v330/src/ui/ui_layer.cpp:448:44: warning: conversion from ‘double’ to ‘float’ changes value from ‘8.0000000000000004e-1’ to ‘8.00000012e-1f’ [-Wfloat-conversion]
  448 |              ImGui::TextColored(ImVec4(0.8,0.8,0.0,1), "20-45%%: Steep");
      |                                            ^~~
/run/media/jpereiratrindade/labeco10T/dev/cpp/SisterAppEngine_base_v330/src/ui/ui_layer.cpp:450:40: warning: conversion from ‘double’ to ‘float’ changes value from ‘8.0000000000000004e-1’ to ‘8.00000012e-1f’ [-Wfloat-conversion]
  450 |              ImGui::TextColored(ImVec4(0.8,0.0,0.0,1), ">75%%: Extreme");
      |                                        ^~~
/run/media/jpereiratrindade/labeco10T/dev/cpp/SisterAppEngine_base_v330/src/ui/ui_layer.cpp:531:20: warning: unused variable ‘renderDist’ [-Wunused-variable]
  531 |              float renderDist = (0.01f - ctx.fogDensity) * 10000.0f; // Approx mapping
      |                    ^~~~~~~~~~
/run/media/jpereiratrindade/labeco10T/dev/cpp/SisterAppEngine_base_v330/src/ui/ui_layer.cpp:541:20: warning: unused variable ‘renderDist’ [-Wunused-variable]
  541 |              float renderDist = (0.01f - ctx.fogDensity) * 10000.0f;
      |                    ^~~~~~~~~~
/run/media/jpereiratrindade/labeco10T/dev/cpp/SisterAppEngine_base_v330/src/ui/ui_layer.cpp:607:24: warning: conversion from ‘int’ to ‘float’ may change value [-Wconversion]
  607 |         float totalW = selectedSize * resolution;
      |                        ^~~~~~~~~~~~
/run/media/jpereiratrindade/labeco10T/dev/cpp/SisterAppEngine_base_v330/src/ui/ui_layer.cpp:685:51: warning: conversion from ‘int’ to ‘float’ may change value [-Wconversion]
  685 |                 float cx = ctx.finiteMap->getWidth() / 2.0f;
      |                            ~~~~~~~~~~~~~~~~~~~~~~~^~
/run/media/jpereiratrindade/labeco10T/dev/cpp/SisterAppEngine_base_v330/src/ui/ui_layer.cpp:686:52: warning: conversion from ‘int’ to ‘float’ may change value [-Wconversion]
  686 |                 float cz = ctx.finiteMap->getHeight() / 2.0f;
      |                            ~~~~~~~~~~~~~~~~~~~~~~~~^~
/run/media/jpereiratrindade/labeco10T/dev/cpp/SisterAppEngine_base_v330/src/ui/ui_layer.cpp:690:63: warning: conversion from ‘int’ to ‘float’ may change value [-Wconversion]
  690 |                 ctx.camera.setDistance(ctx.finiteMap->getWidth() * 0.8f); // Fit view
      |                                        ~~~~~~~~~~~~~~~~~~~~~~~^~
/run/media/jpereiratrindade/labeco10T/dev/cpp/SisterAppEngine_base_v330/src/ui/ui_layer.cpp:699:51: warning: conversion from ‘int’ to ‘float’ may change value [-Wconversion]
  699 |                 float cx = ctx.finiteMap->getWidth() / 2.0f;
      |                            ~~~~~~~~~~~~~~~~~~~~~~~^~
/run/media/jpereiratrindade/labeco10T/dev/cpp/SisterAppEngine_base_v330/src/ui/ui_layer.cpp:700:52: warning: conversion from ‘int’ to ‘float’ may change value [-Wconversion]
  700 |                 float cz = ctx.finiteMap->getHeight() / 2.0f;
      |                            ~~~~~~~~~~~~~~~~~~~~~~~~^~
/run/media/jpereiratrindade/labeco10T/dev/cpp/SisterAppEngine_base_v330/src/ui/ui_layer.cpp:548:21: warning: unused variable ‘terrainTypes’ [-Wunused-variable]
  548 |         const char* terrainTypes[] = { "Hills", "Mountains", "Plains", "Valleys" };
      |                     ^~~~~~~~~~~~
In file included from /run/media/jpereiratrindade/labeco10T/dev/cpp/SisterAppEngine_base_v330/src/core/application.cpp:1:
/run/media/jpereiratrindade/labeco10T/dev/cpp/SisterAppEngine_base_v330/src/core/application.h:199:37: error: redeclaration of ‘bool core::Application::meshUpdateRequested_’
  199 |         bool meshUpdateRequested_ = false;
      |                                     ^~~~~
/run/media/jpereiratrindade/labeco10T/dev/cpp/SisterAppEngine_base_v330/src/core/application.h:197:14: note: previous declaration ‘bool core::Application::meshUpdateRequested_’
  197 |         bool meshUpdateRequested_ = false;
      |              ^~~~~~~~~~~~~~~~~~~~
make[2]: *** [CMakeFiles/sisterapp.dir/build.make:79: CMakeFiles/sisterapp.dir/main.cpp.o] Error 1
/run/media/jpereiratrindade/labeco10T/dev/cpp/SisterAppEngine_base_v330/src/core/application.cpp: In member function ‘void core::Application::processEvents(double)’:
/run/media/jpereiratrindade/labeco10T/dev/cpp/SisterAppEngine_base_v330/src/core/application.cpp:416:91: warning: conversion to ‘std::vector<float>::size_type’ {aka ‘long unsigned int’} from ‘int’ may change the sign of the result [-Wsign-conversion]
  416 |                          float flux = finiteMap_->fluxMap()[hitZ * finiteMap_->getWidth() + hitX];
      |                                                             ~~~~~~~~~~~~~~~~~~~~~~~~~~~~~~^~~~~~
/run/media/jpereiratrindade/labeco10T/dev/cpp/SisterAppEngine_base_v330/src/core/application.cpp:417:97: warning: conversion to ‘std::vector<int>::size_type’ {aka ‘long unsigned int’} from ‘int’ may change the sign of the result [-Wsign-conversion]
  417 |                          int basinID = finiteMap_->watershedMap()[hitZ * finiteMap_->getWidth() + hitX];
      |                                                                   ~~~~~~~~~~~~~~~~~~~~~~~~~~~~~~^~~~~~
/run/media/jpereiratrindade/labeco10T/dev/cpp/SisterAppEngine_base_v330/src/core/application.cpp: In member function ‘void core::Application::update(double)’:
/run/media/jpereiratrindade/labeco10T/dev/cpp/SisterAppEngine_base_v330/src/core/application.cpp:576:12: warning: unused variable ‘nowMs’ [-Wunused-variable]
  576 |     Uint32 nowMs = SDL_GetTicks();
      |            ^~~~~
/run/media/jpereiratrindade/labeco10T/dev/cpp/SisterAppEngine_base_v330/src/core/application.cpp: In member function ‘void core::Application::render(size_t)’:
/run/media/jpereiratrindade/labeco10T/dev/cpp/SisterAppEngine_base_v330/src/core/application.cpp:675:9: warning: unused variable ‘visibleCount’ [-Wunused-variable]
  675 |     int visibleCount = 0;
      |         ^~~~~~~~~~~~
/run/media/jpereiratrindade/labeco10T/dev/cpp/SisterAppEngine_base_v330/src/core/application.cpp:676:9: warning: unused variable ‘totalChunks’ [-Wunused-variable]
  676 |     int totalChunks = 0;
      |         ^~~~~~~~~~~
/run/media/jpereiratrindade/labeco10T/dev/cpp/SisterAppEngine_base_v330/src/core/application.cpp:677:9: warning: unused variable ‘pendingTasks’ [-Wunused-variable]
  677 |     int pendingTasks = 0;
      |         ^~~~~~~~~~~~
/run/media/jpereiratrindade/labeco10T/dev/cpp/SisterAppEngine_base_v330/src/core/application.cpp:678:9: warning: unused variable ‘pendingVeg’ [-Wunused-variable]
  678 |     int pendingVeg = 0;
      |         ^~~~~~~~~~
/run/media/jpereiratrindade/labeco10T/dev/cpp/SisterAppEngine_base_v330/src/core/application.cpp: In member function ‘void core::Application::performRegeneration()’:
/run/media/jpereiratrindade/labeco10T/dev/cpp/SisterAppEngine_base_v330/src/core/application.cpp:939:59: warning: explicit by-copy capture of ‘this’ with by-copy capture default only available with ‘-std=c++20’ or ‘-std=gnu++20’ [-Wc++20-extensions]
  939 |         regenFuture_ = std::async(std::launch::async, [=, this]() {
      |                                                           ^~~~
make[2]: *** [CMakeFiles/sisterapp.dir/build.make:191: CMakeFiles/sisterapp.dir/src/core/application.cpp.o] Error 1
make[1]: *** [CMakeFiles/Makefile2:90: CMakeFiles/sisterapp.dir/all] Error 2
make: *** [Makefile:91: all] Error 2
