\BOOKMARK [1][-]{section.1}{\376\377\000I\000n\000t\000r\000o\000d\000u\000\347\000\343\000o}{}% 1
\BOOKMARK [1][-]{section.2}{\376\377\000M\000o\000d\000e\000l\000o\000\040\000d\000e\000\040\000A\000n\000\341\000l\000i\000s\000e\000\040\000d\000e\000\040\000D\000e\000c\000l\000i\000v\000i\000d\000a\000d\000e\000\040\000\050\000S\000l\000o\000p\000e\000\040\000A\000n\000a\000l\000y\000s\000i\000s\000\051}{}% 2
\BOOKMARK [2][-]{subsection.2.1}{\376\377\000C\000\341\000l\000c\000u\000l\000o\000\040\000d\000e\000\040\000I\000n\000c\000l\000i\000n\000a\000\347\000\343\000o\000\040\000\050\000P\000e\000r\000c\000e\000n\000t\000u\000a\000l\000\051}{section.2}% 3
\BOOKMARK [2][-]{subsection.2.2}{\376\377\000C\000l\000a\000s\000s\000i\000f\000i\000c\000a\000\347\000\343\000o\000\040\000T\000o\000p\000o\000l\000\363\000g\000i\000c\000a\000\040\000\050\0005\000\040\000C\000l\000a\000s\000s\000e\000s\000\051}{section.2}% 4
\BOOKMARK [2][-]{subsection.2.3}{\376\377\000P\000e\000r\000s\000i\000s\000t\000\352\000n\000c\000i\000a\000\040\000e\000\040\000C\000o\000n\000f\000i\000g\000u\000r\000a\000\347\000\343\000o}{section.2}% 5
\BOOKMARK [1][-]{section.3}{\376\377\000M\000o\000d\000e\000l\000o\000\040\000d\000e\000\040\000V\000e\000g\000e\000t\000a\000\347\000\343\000o\000\040\000\050\000S\000u\000s\000p\000e\000n\000s\000o\000\051}{}% 6
\BOOKMARK [1][-]{section.4}{\376\377\000G\000e\000r\000a\000\347\000\343\000o\000\040\000d\000e\000\040\000T\000o\000p\000o\000l\000o\000g\000i\000a\000\040\000\050\000T\000e\000r\000r\000a\000i\000n\000\040\000M\000o\000d\000e\000l\000s\000\051}{}% 7
\BOOKMARK [1][-]{section.5}{\376\377\000C\000o\000n\000f\000i\000g\000u\000r\000a\000\347\000\343\000o\000\040\000d\000o\000\040\000U\000s\000u\000\341\000r\000i\000o}{}% 8
\BOOKMARK [2][-]{subsection.5.1}{\376\377\000V\000a\000r\000i\000\341\000v\000e\000i\000s\000\040\000d\000e\000\040\000C\000o\000n\000t\000r\000o\000l\000e\000\040\000E\000s\000p\000a\000c\000i\000a\000l}{section.5}% 9
\BOOKMARK [1][-]{section.6}{\376\377\000M\000o\000d\000e\000l\000o\000\040\000d\000e\000\040\000D\000r\000e\000n\000a\000g\000e\000m\000\040\000\050\000D\0008\000\040\000F\000l\000o\000w\000\051}{}% 10
\BOOKMARK [2][-]{subsection.6.1}{\376\377\000D\000i\000r\000e\000\347\000\343\000o\000\040\000d\000o\000\040\000F\000l\000u\000x\000o\000\040\000\050\000F\000l\000o\000w\000\040\000D\000i\000r\000e\000c\000t\000i\000o\000n\000\051}{section.6}% 11
\BOOKMARK [2][-]{subsection.6.2}{\376\377\000A\000c\000u\000m\000u\000l\000a\000\347\000\343\000o\000\040\000d\000e\000\040\000F\000l\000u\000x\000o\000\040\000\050\000F\000l\000o\000w\000\040\000A\000c\000c\000u\000m\000u\000l\000a\000t\000i\000o\000n\000\051}{section.6}% 12
\BOOKMARK [2][-]{subsection.6.3}{\376\377\000V\000i\000s\000u\000a\000l\000i\000z\000a\000\347\000\343\000o}{section.6}% 13
\BOOKMARK [1][-]{section.7}{\376\377\000A\000n\000\341\000l\000i\000s\000e\000\040\000d\000e\000\040\000B\000a\000c\000i\000a\000s\000\040\000H\000i\000d\000r\000o\000g\000r\000\341\000f\000i\000c\000a\000s\000\040\000\050\000W\000a\000t\000e\000r\000s\000h\000e\000d\000\040\000A\000n\000a\000l\000y\000s\000i\000s\000\051}{}% 14
\BOOKMARK [2][-]{subsection.7.1}{\376\377\000S\000e\000g\000m\000e\000n\000t\000a\000\347\000\343\000o\000\040\000G\000l\000o\000b\000a\000l}{section.7}% 15
\BOOKMARK [2][-]{subsection.7.2}{\376\377\0002\000.\000\040\000D\000e\000l\000i\000n\000e\000a\000\347\000\343\000o\000\040\000I\000n\000t\000e\000r\000a\000t\000i\000v\000a}{section.7}% 16
\BOOKMARK [2][-]{subsection.7.3}{\376\377\0003\000.\000\040\000V\000i\000s\000u\000a\000l\000i\000z\000a\000\347\000\343\000o\000\040\000d\000e\000\040\000C\000o\000n\000t\000o\000r\000n\000o\000s}{section.7}% 17
\BOOKMARK [1][-]{section.8}{\376\377\000M\000\351\000t\000r\000i\000c\000a\000s\000\040\000E\000c\000o\000-\000H\000i\000d\000r\000o\000l\000\363\000g\000i\000c\000a\000s}{}% 18
\BOOKMARK [2][-]{subsection.8.1}{\376\377\000\315\000n\000d\000i\000c\000e\000\040\000T\000o\000p\000o\000g\000r\000\341\000f\000i\000c\000o\000\040\000d\000e\000\040\000U\000m\000i\000d\000a\000d\000e\000\040\000\050\000T\000W\000I\000\051}{section.8}% 19
\BOOKMARK [2][-]{subsection.8.2}{\376\377\000D\000e\000n\000s\000i\000d\000a\000d\000e\000\040\000d\000e\000\040\000D\000r\000e\000n\000a\000g\000e\000m\000\040\000\050\000D\000d\000\051}{section.8}% 20
\BOOKMARK [2][-]{subsection.8.3}{\376\377\000E\000s\000t\000a\000t\000\355\000s\000t\000i\000c\000a\000s\000\040\000p\000o\000r\000\040\000B\000a\000c\000i\000a\000\040\000\050\000B\000a\000s\000i\000n\000-\000L\000e\000v\000e\000l\000\040\000M\000e\000t\000r\000i\000c\000s\000\051}{section.8}% 21
\BOOKMARK [1][-]{section.9}{\376\377\000R\000e\000s\000o\000l\000u\000\347\000\343\000o\000\040\000E\000s\000p\000a\000c\000i\000a\000l\000\040\000V\000a\000r\000i\000\341\000v\000e\000l\000\040\000\050\000V\0003\000.\0006\000.\0005\000\051}{}% 22
\BOOKMARK [2][-]{subsection.9.1}{\376\377\000D\000e\000f\000i\000n\000i\000\347\000\343\000o\000\040\000d\000e\000\040\000E\000s\000c\000a\000l\000a}{section.9}% 23
\BOOKMARK [1][-]{section.10}{\376\377\000M\000\363\000d\000u\000l\000o\000\040\000d\000e\000\040\000A\000n\000\341\000l\000i\000s\000e\000\040\000d\000e\000\040\000S\000o\000l\000o\000s\000\040\000\050\000V\0003\000.\0007\000.\0003\000\051}{}% 24
\BOOKMARK [2][-]{subsection.10.1}{\376\377\000M\000e\000t\000o\000d\000o\000l\000o\000g\000i\000a\000:\000\040\000R\000u\000\355\000d\000o\000\040\000C\000o\000e\000r\000e\000n\000t\000e\000\040\000e\000\040\000M\000\351\000t\000r\000i\000c\000a\000s\000\040\000d\000e\000\040\000P\000a\000i\000s\000a\000g\000e\000m}{section.10}% 25
\BOOKMARK [2][-]{subsection.10.2}{\376\377\000C\000l\000a\000s\000s\000e\000s\000\040\000e\000\040\000C\000o\000r\000e\000s}{section.10}% 26
